This file contains any messages produced by compilers while
running configure, to aid debugging if configure makes a mistake.

It was created by howm configure InsertVersionHere, which was
generated by GNU Autoconf 2.69.  Invocation command line was

  $ ./configure 

## --------- ##
## Platform. ##
## --------- ##

hostname = linux-synth
uname -m = x86_64
uname -r = 4.2.0-34-generic
uname -s = Linux
uname -v = #39-Ubuntu SMP Thu Mar 10 22:13:01 UTC 2016

/usr/bin/uname -p = unknown
/bin/uname -X     = unknown

/bin/arch              = unknown
/usr/bin/arch -k       = unknown
/usr/convex/getsysinfo = unknown
/usr/bin/hostinfo      = unknown
/bin/machine           = unknown
/usr/bin/oslevel       = unknown
/bin/universe          = unknown

PATH: /home/kazbo/bin
PATH: /usr/local/sbin
PATH: /usr/local/bin
PATH: /usr/sbin
PATH: /usr/bin
PATH: /sbin
PATH: /bin
PATH: /usr/games
PATH: /usr/local/games
PATH: /usr/local/jdk1.8.0_77/bin
PATH: /home/kazbo/bin


## ----------- ##
## Core tests. ##
## ----------- ##

configure:1801: checking for a BSD-compatible install
configure:1869: result: /usr/bin/install -c
configure:1880: checking whether build environment is sane
configure:1935: result: yes
configure:1973: WARNING: 'missing' script is too old or missing
configure:2086: checking for a thread-safe mkdir -p
configure:2125: result: /bin/mkdir -p
configure:2132: checking for gawk
configure:2148: found /usr/bin/gawk
configure:2159: result: gawk
configure:2170: checking whether make sets $(MAKE)
configure:2192: result: yes
configure:2221: checking whether make supports nested variables
configure:2238: result: yes
configure:2365: checking whether to enable maintainer-specific portions of Makefiles
configure:2374: result: no
configure:2397: checking build system type
configure:2411: result: x86_64-unknown-linux-gnu
configure:2431: checking host system type
configure:2444: result: x86_64-unknown-linux-gnu
configure:2511: checking for cvs
configure:2539: result: :
configure:2547: checking whether ln -s works
configure:2551: result: yes
configure:2563: checking for emacs
configure:2579: found /usr/bin/emacs
configure:2590: result: emacs
configure:2606: checking detecting your emacs type
configure:2623: result: emacs21
configure:2678: checking where .elc files should go
configure:2707: result: /usr/share/emacs/site-lisp
configure:2727: checking where howm files should go
configure:2735: result: ${lispdir}/howm
configure:2781: checking where ext files should go
configure:2789: result: ${datadir}/howm/ext
configure:2975: checking that generated files are newer than configure
configure:2981: result: done
configure:2993: creating ./config.status

## ---------------------- ##
## Running config.status. ##
## ---------------------- ##

This file was extended by howm config.status InsertVersionHere, which was
generated by GNU Autoconf 2.69.  Invocation command line was

  CONFIG_FILES    = 
  CONFIG_HEADERS  = 
  CONFIG_LINKS    = 
  CONFIG_COMMANDS = 
  $ ./config.status 

on linux-synth

config.status:776: creating Makefile
config.status:776: creating doc/Makefile
config.status:776: creating ext/Makefile
config.status:776: creating en/Makefile
config.status:776: creating ja/Makefile
config.status:776: creating sample/Makefile

## ---------------- ##
## Cache variables. ##
## ---------------- ##

ac_cv_build=x86_64-unknown-linux-gnu
ac_cv_env_build_alias_set=
ac_cv_env_build_alias_value=
ac_cv_env_host_alias_set=
ac_cv_env_host_alias_value=
ac_cv_env_target_alias_set=
ac_cv_env_target_alias_value=
ac_cv_extdir='${datadir}/howm/ext'
ac_cv_host=x86_64-unknown-linux-gnu
ac_cv_howmdir='${lispdir}/howm'
ac_cv_path_install='/usr/bin/install -c'
ac_cv_path_mkdir=/bin/mkdir
ac_cv_prog_AWK=gawk
ac_cv_prog_CVS=:
ac_cv_prog_EMACS=emacs
ac_cv_prog_make_make_set=yes
am_cv_lispdir=/usr/share/emacs/site-lisp
am_cv_make_support_nested_variables=yes

## ----------------- ##
## Output variables. ##
## ----------------- ##

ACLOCAL='aclocal-1.14'
AMTAR='$${TAR-tar}'
AM_BACKSLASH='\'
AM_DEFAULT_V='$(AM_DEFAULT_VERBOSITY)'
AM_DEFAULT_VERBOSITY='1'
AM_V='$(V)'
AUTOCONF='autoconf'
AUTOHEADER='autoheader'
AUTOMAKE='automake-1.14'
AWK='gawk'
CVS=':'
CYGPATH_W='echo'
DEFS='-DPACKAGE_NAME=\"howm\" -DPACKAGE_TARNAME=\"howm\" -DPACKAGE_VERSION=\"InsertVersionHere\" -DPACKAGE_STRING=\"howm\ InsertVersionHere\" -DPACKAGE_BUGREPORT=\"\" -DPACKAGE_URL=\"\" -DPACKAGE=\"howm\" -DVERSION=\"InsertVersionHere\"'
ECHO_C=''
ECHO_N='-n'
ECHO_T=''
EMACS='emacs'
INSTALL_DATA='${INSTALL} -m 644'
INSTALL_PROGRAM='${INSTALL}'
INSTALL_SCRIPT='${INSTALL}'
INSTALL_STRIP_PROGRAM='$(install_sh) -c -s'
LIBOBJS=''
LIBS=''
LN_S='ln -s'
LTLIBOBJS=''
MAINT='#'
MAINTAINER_MODE_FALSE=''
MAINTAINER_MODE_TRUE='#'
MAKEINFO='makeinfo'
MKDIR_P='/bin/mkdir -p'
PACKAGE='howm'
PACKAGE_BUGREPORT=''
PACKAGE_NAME='howm'
PACKAGE_STRING='howm InsertVersionHere'
PACKAGE_TARNAME='howm'
PACKAGE_URL=''
PACKAGE_VERSION='InsertVersionHere'
PATH_SEPARATOR=':'
SET_MAKE=''
SHELL='/bin/bash'
STRIP=''
VERSION='InsertVersionHere'
am__isrc=''
am__leading_dot='.'
am__tar='$${TAR-tar} chof - "$$tardir"'
am__untar='$${TAR-tar} xf -'
bindir='${exec_prefix}/bin'
build='x86_64-unknown-linux-gnu'
build_alias=''
build_cpu='x86_64'
build_os='linux-gnu'
build_vendor='unknown'
datadir='${datarootdir}'
datarootdir='${prefix}/share'
docdir='${datarootdir}/doc/${PACKAGE_TARNAME}'
dvidir='${docdir}'
exec_prefix='${prefix}'
extdir='${datadir}/howm/ext'
host='x86_64-unknown-linux-gnu'
host_alias=''
host_cpu='x86_64'
host_os='linux-gnu'
host_vendor='unknown'
howmdir='${lispdir}/howm'
htmldir='${docdir}'
includedir='${prefix}/include'
infodir='${datarootdir}/info'
install_sh='${SHELL} /home/kazbo/.emacs.d/site-lisp/howm-1.4.3/install-sh'
libdir='${exec_prefix}/lib'
libexecdir='${exec_prefix}/libexec'
lispdir='/usr/share/emacs/site-lisp'
localedir='${datarootdir}/locale'
localstatedir='${prefix}/var'
mandir='${datarootdir}/man'
mkdir_p='$(MKDIR_P)'
oldincludedir='/usr/include'
packagedir=''
pdfdir='${docdir}'
prefix='/usr/local'
program_transform_name='s,x,x,'
psdir='${docdir}'
sbindir='${exec_prefix}/sbin'
sharedstatedir='${prefix}/com'
sysconfdir='${prefix}/etc'
target_alias=''

## ----------- ##
## confdefs.h. ##
## ----------- ##

/* confdefs.h */
#define PACKAGE_NAME "howm"
#define PACKAGE_TARNAME "howm"
#define PACKAGE_VERSION "InsertVersionHere"
#define PACKAGE_STRING "howm InsertVersionHere"
#define PACKAGE_BUGREPORT ""
#define PACKAGE_URL ""
#define PACKAGE "howm"
#define VERSION "InsertVersionHere"

configure: exit 0
